# JRE version: OpenJDK Runtime Environment (11.0.11+9) (build 11.0.11+9-Ubuntu-0ubuntu2.20.04)
# Java VM: OpenJDK 64-Bit Server VM (11.0.11+9-Ubuntu-0ubuntu2.20.04, mixed mode, tiered, compressed oops, g1 gc, linux-amd64)
Heap:
 garbage-first heap   total 159744K, used 84465K [0x00000000cac00000, 0x0000000100000000)
  region size 1024K, 41 young (41984K), 5 survivors (5120K)
 Metaspace       used 67495K, capacity 68730K, committed 69064K, reserved 1110016K
  class space    used 7614K, capacity 8038K, committed 8044K, reserved 1048576K
GC Heap History (20 events):
Event: 6.853 GC heap before
{Heap before GC invocations=24 (full 0):
 garbage-first heap   total 133120K, used 100122K [0x00000000cac00000, 0x0000000100000000)
  region size 1024K, 59 young (60416K), 3 survivors (3072K)
 Metaspace       used 39414K, capacity 40336K, committed 40604K, reserved 1085440K
  class space    used 4209K, capacity 4497K, committed 4588K, reserved 1048576K
}
Event: 6.859 GC heap after
{Heap after GC invocations=25 (full 0):
 garbage-first heap   total 133120K, used 43316K [0x00000000cac00000, 0x0000000100000000)
  region size 1024K, 4 young (4096K), 4 survivors (4096K)
 Metaspace       used 39414K, capacity 40336K, committed 40604K, reserved 1085440K
  class space    used 4209K, capacity 4497K, committed 4588K, reserved 1048576K
}
Event: 7.106 GC heap before
{Heap before GC invocations=25 (full 0):
 garbage-first heap   total 133120K, used 100660K [0x00000000cac00000, 0x0000000100000000)
  region size 1024K, 60 young (61440K), 4 survivors (4096K)
 Metaspace       used 39415K, capacity 40336K, committed 40604K, reserved 1085440K
  class space    used 4209K, capacity 4497K, committed 4588K, reserved 1048576K
}
Event: 7.112 GC heap after
{Heap after GC invocations=26 (full 0):
 garbage-first heap   total 133120K, used 43347K [0x00000000cac00000, 0x0000000100000000)
  region size 1024K, 4 young (4096K), 4 survivors (4096K)
 Metaspace       used 39415K, capacity 40336K, committed 40604K, reserved 1085440K
  class space    used 4209K, capacity 4497K, committed 4588K, reserved 1048576K
}
Event: 7.328 GC heap before
{Heap before GC invocations=26 (full 0):
 garbage-first heap   total 133120K, used 102739K [0x00000000cac00000, 0x0000000100000000)
  region size 1024K, 63 young (64512K), 4 survivors (4096K)
 Metaspace       used 39415K, capacity 40336K, committed 40604K, reserved 1085440K
  class space    used 4209K, capacity 4497K, committed 4588K, reserved 1048576K
}
Event: 7.333 GC heap after
{Heap after GC invocations=27 (full 0):
 garbage-first heap   total 133120K, used 43779K [0x00000000cac00000, 0x0000000100000000)
  region size 1024K, 4 young (4096K), 4 survivors (4096K)
 Metaspace       used 39415K, capacity 40336K, committed 40604K, reserved 1085440K
  class space    used 4209K, capacity 4497K, committed 4588K, reserved 1048576K
}
Event: 7.518 GC heap before
{Heap before GC invocations=27 (full 0):
 garbage-first heap   total 133120K, used 105219K [0x00000000cac00000, 0x0000000100000000)
  region size 1024K, 64 young (65536K), 4 survivors (4096K)
 Metaspace       used 39415K, capacity 40336K, committed 40604K, reserved 1085440K
  class space    used 4209K, capacity 4497K, committed 4588K, reserved 1048576K
}
Event: 7.523 GC heap after
{Heap after GC invocations=28 (full 0):
 garbage-first heap   total 159744K, used 43853K [0x00000000cac00000, 0x0000000100000000)
  region size 1024K, 4 young (4096K), 4 survivors (4096K)
 Metaspace       used 39415K, capacity 40336K, committed 40604K, reserved 1085440K
  class space    used 4209K, capacity 4497K, committed 4588K, reserved 1048576K
}
Event: 7.720 GC heap before
{Heap before GC invocations=28 (full 0):
 garbage-first heap   total 159744K, used 130893K [0x00000000cac00000, 0x0000000100000000)
  region size 1024K, 89 young (91136K), 4 survivors (4096K)
 Metaspace       used 39415K, capacity 40336K, committed 40604K, reserved 1085440K
  class space    used 4209K, capacity 4497K, committed 4588K, reserved 1048576K
}
Event: 7.725 GC heap after
{Heap after GC invocations=29 (full 0):
 garbage-first heap   total 159744K, used 45007K [0x00000000cac00000, 0x0000000100000000)
  region size 1024K, 5 young (5120K), 5 survivors (5120K)
 Metaspace       used 39415K, capacity 40336K, committed 40604K, reserved 1085440K
  class space    used 4209K, capacity 4497K, committed 4588K, reserved 1048576K
}
Event: 7.979 GC heap before
{Heap before GC invocations=29 (full 0):
 garbage-first heap   total 159744K, used 127951K [0x00000000cac00000, 0x0000000100000000)
  region size 1024K, 86 young (88064K), 5 survivors (5120K)
 Metaspace       used 39419K, capacity 40336K, committed 40604K, reserved 1085440K
  class space    used 4210K, capacity 4497K, committed 4588K, reserved 1048576K
}
Event: 7.991 GC heap after
{Heap after GC invocations=30 (full 0):
 garbage-first heap   total 159744K, used 49702K [0x00000000cac00000, 0x0000000100000000)
  region size 1024K, 10 young (10240K), 10 survivors (10240K)
 Metaspace       used 39419K, capacity 40336K, committed 40604K, reserved 1085440K
  class space    used 4210K, capacity 4497K, committed 4588K, reserved 1048576K
}
Event: 8.549 GC heap before
{Heap before GC invocations=30 (full 0):
 garbage-first heap   total 159744K, used 125478K [0x00000000cac00000, 0x0000000100000000)
  region size 1024K, 85 young (87040K), 10 survivors (10240K)
 Metaspace       used 41138K, capacity 42056K, committed 42396K, reserved 1087488K
  class space    used 4418K, capacity 4729K, committed 4844K, reserved 1048576K
}
Event: 8.568 GC heap after
{Heap after GC invocations=31 (full 0):
 garbage-first heap   total 159744K, used 53862K [0x00000000cac00000, 0x0000000100000000)
  region size 1024K, 11 young (11264K), 11 survivors (11264K)
 Metaspace       used 41138K, capacity 42056K, committed 42396K, reserved 1087488K
  class space    used 4418K, capacity 4729K, committed 4844K, reserved 1048576K
}
Event: 9.441 GC heap before
{Heap before GC invocations=31 (full 0):
 garbage-first heap   total 159744K, used 121446K [0x00000000cac00000, 0x0000000100000000)
  region size 1024K, 78 young (79872K), 11 survivors (11264K)
 Metaspace       used 47747K, capacity 48839K, committed 49052K, reserved 1093632K
  class space    used 5209K, capacity 5572K, committed 5612K, reserved 1048576K
}
Event: 9.447 GC heap after
{Heap after GC invocations=32 (full 0):
 garbage-first heap   total 159744K, used 48117K [0x00000000cac00000, 0x0000000100000000)
  region size 1024K, 4 young (4096K), 4 survivors (4096K)
 Metaspace       used 47747K, capacity 48839K, committed 49052K, reserved 1093632K
  class space    used 5209K, capacity 5572K, committed 5612K, reserved 1048576K
}
Event: 11.282 GC heap before
{Heap before GC invocations=32 (full 0):
 garbage-first heap   total 159744K, used 123893K [0x00000000cac00000, 0x0000000100000000)
  region size 1024K, 78 young (79872K), 4 survivors (4096K)
 Metaspace       used 60656K, capacity 61845K, committed 62364K, reserved 1103872K
  class space    used 6875K, capacity 7274K, committed 7404K, reserved 1048576K
}
Event: 11.289 GC heap after
{Heap after GC invocations=33 (full 0):
 garbage-first heap   total 159744K, used 50544K [0x00000000cac00000, 0x0000000100000000)
  region size 1024K, 6 young (6144K), 6 survivors (6144K)
 Metaspace       used 60656K, capacity 61845K, committed 62364K, reserved 1103872K
  class space    used 6875K, capacity 7274K, committed 7404K, reserved 1048576K
}
Event: 22.852 GC heap before
{Heap before GC invocations=33 (full 0):
 garbage-first heap   total 159744K, used 90480K [0x00000000cac00000, 0x0000000100000000)
  region size 1024K, 47 young (48128K), 6 survivors (6144K)
 Metaspace       used 65558K, capacity 66713K, committed 67228K, reserved 1107968K
  class space    used 7449K, capacity 7868K, committed 7916K, reserved 1048576K
}
Event: 22.867 GC heap after
{Heap after GC invocations=34 (full 0):
 garbage-first heap   total 159744K, used 51697K [0x00000000cac00000, 0x0000000100000000)
  region size 1024K, 5 young (5120K), 5 survivors (5120K)
 Metaspace       used 65558K, capacity 66713K, committed 67228K, reserved 1107968K
  class space    used 7449K, capacity 7868K, committed 7916K, reserved 1048576K
}

